<?xml version="1.0" encoding="UTF-8"?>
<!-- Generated by org.testng.reporters.JUnitReportReporter -->
<testsuite hostname="DESKTOP-TUU9F5D" failures="0" tests="8" name="AlmosaferWebsite.FirstTest" time="37.360" errors="0" timestamp="2025-01-27T08:23:11 EET" skipped="3">
  <testcase classname="AlmosaferWebsite.FirstTest" name="QitafLogo" time="0.262"/>
  <system-out/>
  <testcase classname="AlmosaferWebsite.FirstTest" name="CheckHotelTabIsNotSelected" time="0.041"/>
  <system-out/>
  <testcase classname="AlmosaferWebsite.FirstTest" name="CheckDepatureDate" time="0.059"/>
  <system-out/>
  <testcase classname="AlmosaferWebsite.FirstTest" name="CheckReturnDate" time="0.039"/>
  <system-out/>
  <testcase classname="AlmosaferWebsite.FirstTest" name="RandomlyChangeWebSiteLanguage" time="36.959"/>
  <system-out/>
  <testcase classname="AlmosaferWebsite.FirstTest" name="ContactNumber">
    <skipped/>
  </testcase> <!-- ContactNumber -->
  <system-out/>
  <testcase classname="AlmosaferWebsite.FirstTest" name="DefaultLanguage">
    <skipped/>
  </testcase> <!-- DefaultLanguage -->
  <system-out/>
  <testcase classname="AlmosaferWebsite.FirstTest" name="DefaultCurrency">
    <skipped/>
  </testcase> <!-- DefaultCurrency -->
  <system-out/>
</testsuite> <!-- AlmosaferWebsite.FirstTest -->
