<?xml version="1.0" encoding="UTF-8"?>
<!-- Generated by org.testng.reporters.JUnitReportReporter -->
<testsuite hostname="DESKTOP-TUU9F5D" failures="0" tests="8" name="AlmosaferWebsite.FirstTest" time="35.605" errors="0" timestamp="2025-01-27T08:29:41 EET" skipped="3">
  <testcase classname="AlmosaferWebsite.FirstTest" name="QitafLogo" time="1.418"/>
  <system-out/>
  <testcase classname="AlmosaferWebsite.FirstTest" name="CheckHotelTabIsNotSelected" time="0.532"/>
  <system-out/>
  <testcase classname="AlmosaferWebsite.FirstTest" name="CheckDepatureDate" time="0.157"/>
  <system-out/>
  <testcase classname="AlmosaferWebsite.FirstTest" name="CheckReturnDate" time="0.042"/>
  <system-out/>
  <testcase classname="AlmosaferWebsite.FirstTest" name="RandomlyChangeWebSiteLanguage" time="33.456"/>
  <system-out/>
  <testcase classname="AlmosaferWebsite.FirstTest" name="ContactNumber">
    <skipped/>
  </testcase> <!-- ContactNumber -->
  <system-out/>
  <testcase classname="AlmosaferWebsite.FirstTest" name="DefaultLanguage">
    <skipped/>
  </testcase> <!-- DefaultLanguage -->
  <system-out/>
  <testcase classname="AlmosaferWebsite.FirstTest" name="DefaultCurrency">
    <skipped/>
  </testcase> <!-- DefaultCurrency -->
  <system-out/>
</testsuite> <!-- AlmosaferWebsite.FirstTest -->
